********************************************************************************
* Unified simulation Tcl App stack trace dump
*
* File: .usf.tcl_error.log (Wed Jun  5 17:01:52 2024)
*
* This file is generated by the unified simulation automation and contains the
* tcl stack trace of error returned by the simulator App for the current run.
*
********************************************************************************
1
    while executing
"catch {open $dat_file r} fh"
    ("foreach" body line 5)
    invoked from within
"foreach lib_dir [glob -nocomplain -directory $clibs_dir *] {
    set dat_file "$lib_dir/.cxl.lib_info.dat"
    if { ![file exists $dat_file] } { conti..."
    (procedure "xcs_fetch_lib_info" line 13)
    invoked from within
"xcs_fetch_lib_info "xsim" $ip_dir $a_sim_vars(b_int_sm_lib_ref_debug)"
    (procedure "usf_xsim_setup_simulation" line 143)
    invoked from within
"usf_xsim_setup_simulation"
    (procedure "tclapp::xilinx::xsim::setup" line 24)
    invoked from within
"tclapp::xilinx::xsim::setup { -simset sim_1 -mode behavioral -run_dir D:/Yannos/FILES/PROGRAMS/FPGA/VIVADO/Space_Data_Systems/Exercise_1/UART.sim/sim_..."
